<?xml version="1.0" encoding="UTF-8"?>
<!-- Generated by org.testng.reporters.JUnitXMLReporter -->
<testsuite ignored="0" hostname="QualianPC" failures="0" tests="3" name="CarLoanLogin" time="0.04" errors="0" timestamp="2025-01-23T12:28:12 IST">
  <testcase classname="TestNG.CarLoan" name="carLoanAPILogin" time="0.007"/>
  <testcase classname="TestNG.CarLoan" name="carLoanMobileLogin" time="0.001"/>
  <testcase classname="TestNG.CarLoan" name="carLoanwebLogin" time="0.002"/>
</testsuite> <!-- CarLoanLogin -->
