<?xml version="1.0" encoding="UTF-8"?>
<!-- Generated by org.testng.reporters.JUnitXMLReporter -->
<testsuite ignored="0" hostname="QualianPC" failures="0" tests="3" name="HomeLoanLogin" time="0.012" errors="0" timestamp="2025-01-23T12:28:12 IST">
  <testcase classname="TestNG.HomeLoan" name="homeLoanAPILogin" time="0.002"/>
  <testcase classname="TestNG.HomeLoan" name="homeLoanMobileLogin" time="0.001"/>
  <testcase classname="TestNG.HomeLoan" name="homeLoanwebLogin" time="0.001"/>
</testsuite> <!-- HomeLoanLogin -->
