<?xml version="1.0" encoding="UTF-8"?>
<!-- Generated by org.testng.reporters.JUnitXMLReporter -->
<testsuite ignored="0" hostname="Yeshwanth-Kuruvilla" failures="0" tests="3" name="PersonalLoan" time="0.049" errors="0" timestamp="2025-01-24T15:13:48 IST">
  <testcase classname="TestNG.personalLoan" name="personalLoanAPILogin" time="0.009"/>
  <testcase classname="TestNG.personalLoan" name="personalLoanMobileLogin" time="0.002"/>
  <testcase classname="TestNG.personalLoan" name="personalLoanwebLogin" time="0.001"/>
</testsuite> <!-- PersonalLoan -->
