<?xml version="1.0" encoding="UTF-8"?>
<!-- Generated by org.testng.reporters.JUnitXMLReporter -->
<testsuite ignored="5" hostname="QualianPC" failures="0" tests="1" name="Regression" time="0.038" errors="0" timestamp="2025-01-23T12:50:36 IST">
  <testcase classname="TestNG.HomeLoan" name="homeLoanAPILogin" time="0.01"/>
  <testcase classname="TestNG.CarLoan" name="carLoanwebLogin" time="0.0">
    <ignored/>
  </testcase> <!-- carLoanwebLogin -->
  <testcase classname="TestNG.HomeLoan" name="homeLoanMobileLogin" time="0.0">
    <ignored/>
  </testcase> <!-- homeLoanMobileLogin -->
  <testcase classname="TestNG.CarLoan" name="carLoanAPILogin" time="0.0">
    <ignored/>
  </testcase> <!-- carLoanAPILogin -->
  <testcase classname="TestNG.CarLoan" name="carLoanMobileLogin" time="0.0">
    <ignored/>
  </testcase> <!-- carLoanMobileLogin -->
  <testcase classname="TestNG.HomeLoan" name="homeLoanwebLogin" time="0.0">
    <ignored/>
  </testcase> <!-- homeLoanwebLogin -->
</testsuite> <!-- Regression -->
