<?xml version="1.0" encoding="UTF-8"?>
<testng-results ignored="0" total="2" passed="2" failed="0" skipped="0">
  <reporter-output>
  </reporter-output>
  <suite started-at="2025-01-24T17:26:33 IST" name="Default suite" finished-at="2025-01-24T17:26:33 IST" duration-ms="43">
    <groups>
    </groups>
    <test started-at="2025-01-24T17:26:33 IST" name="Default test" finished-at="2025-01-24T17:26:33 IST" duration-ms="43">
      <class name="OOPS.ChildClass">
        <test-method is-config="true" signature="beforeRun()[pri:0, instance:OOPS.ChildClass@49ec71f8]" started-at="2025-01-24T17:26:33 IST" name="beforeRun" finished-at="2025-01-24T17:26:33 IST" duration-ms="4" status="PASS">
          <reporter-output>
          </reporter-output>
        </test-method> <!-- beforeRun -->
        <test-method signature="testRun()[pri:0, instance:OOPS.ChildClass@49ec71f8]" started-at="2025-01-24T17:26:33 IST" name="testRun" finished-at="2025-01-24T17:26:33 IST" duration-ms="8" status="PASS">
          <reporter-output>
          </reporter-output>
        </test-method> <!-- testRun -->
        <test-method signature="testRun1()[pri:0, instance:OOPS.ChildClass@49ec71f8]" started-at="2025-01-24T17:26:33 IST" name="testRun1" finished-at="2025-01-24T17:26:33 IST" duration-ms="3" status="PASS">
          <reporter-output>
          </reporter-output>
        </test-method> <!-- testRun1 -->
        <test-method is-config="true" signature="beforeRun()[pri:0, instance:OOPS.ChildClass@49ec71f8]" started-at="2025-01-24T17:26:33 IST" name="beforeRun" finished-at="2025-01-24T17:26:33 IST" duration-ms="0" status="PASS">
          <reporter-output>
          </reporter-output>
        </test-method> <!-- beforeRun -->
      </class> <!-- OOPS.ChildClass -->
    </test> <!-- Default test -->
  </suite> <!-- Default suite -->
</testng-results>
